<?xml version="1.0" encoding="UTF-8"?>
<!-- Generated by org.testng.reporters.JUnitReportReporter -->
<testsuite hostname="DESKTOP-1I7T66E" failures="0" tests="2" name="testrunner.testrunner2" time="25.874" errors="0" timestamp="8 Nov 2022 13:28:30 GMT">
  <testcase classname="testrunner.testrunner2" name="runScenario" time="15.145"/>
  <testcase classname="testrunner.testrunner2" name="runScenario" time="10.729"/>
</testsuite> <!-- testrunner.testrunner2 -->
