<?xml version="1.0" encoding="UTF-8"?>
<!-- Generated by org.testng.reporters.JUnitReportReporter -->
<testsuite hostname="DESKTOP-1I7T66E" failures="0" tests="1" name="testrunner.testrunner2" time="10.720" errors="0" timestamp="8 Nov 2022 13:31:14 GMT">
  <testcase classname="testrunner.testrunner2" name="runScenario" time="10.720"/>
</testsuite> <!-- testrunner.testrunner2 -->
